Log file open, 01/09/19 08:51:19
LogWindows: Failed to load 'aqProf.dll' (GetLastError=126)
LogWindows: File 'aqProf.dll' does not exist
LogWindows: Failed to load 'VSPerf140.dll' (GetLastError=126)
LogWindows: File 'VSPerf140.dll' does not exist
LogWindows: Failed to load 'VtuneApi.dll' (GetLastError=126)
LogWindows: File 'VtuneApi.dll' does not exist
LogWindows: Failed to load 'VtuneApi32e.dll' (GetLastError=126)
LogWindows: File 'VtuneApi32e.dll' does not exist
LogInit: Display: Running engine for game: SB_AssetPipeline
LogPlatformFile: Not using cached read wrapper
LogTaskGraph: Started task graph with 5 named threads and 23 total threads with 3 sets of task threads.
LogStats: Stats thread started at 0.346082
LogD3D11RHI: Loaded GFSDK_Aftermath_Lib.x64.dll
LogICUInternationalization: Display: ICU TimeZone Detection - Raw Offset: -7:00, Platform Override: ''
LogPluginManager: Mounting plugin Paper2D
LogPluginManager: Mounting plugin AISupport
LogPluginManager: Mounting plugin LightPropagationVolume
LogPluginManager: Mounting plugin CLionSourceCodeAccess
LogPluginManager: Mounting plugin CodeLiteSourceCodeAccess
LogPluginManager: Mounting plugin GitSourceControl
LogPluginManager: Mounting plugin KDevelopSourceCodeAccess
LogPluginManager: Mounting plugin NullSourceCodeAccess
LogPluginManager: Mounting plugin PerforceSourceControl
LogPluginManager: Mounting plugin SubversionSourceControl
LogPluginManager: Mounting plugin UObjectPlugin
LogPluginManager: Mounting plugin VisualStudioCodeSourceCodeAccess
LogPluginManager: Mounting plugin VisualStudioSourceCodeAccess
LogPluginManager: Mounting plugin XCodeSourceCodeAccess
LogPluginManager: Mounting plugin AssetManagerEditor
LogPluginManager: Mounting plugin CryptoKeys
LogPluginManager: Mounting plugin DataValidation
LogPluginManager: Mounting plugin FacialAnimation
LogPluginManager: Mounting plugin GameplayTagsEditor
LogPluginManager: Mounting plugin MacGraphicsSwitching
LogPluginManager: Mounting plugin MeshEditor
LogPluginManager: Mounting plugin MobileLauncherProfileWizard
LogPluginManager: Mounting plugin PluginBrowser
LogPluginManager: Mounting plugin SpeedTreeImporter
LogPluginManager: Mounting plugin DatasmithContent
LogPluginManager: Mounting plugin AlembicImporter
LogPluginManager: Mounting plugin AppleImageUtils
LogPluginManager: Mounting plugin AppleVision
LogPluginManager: Mounting plugin BackChannel
LogPluginManager: Mounting plugin CharacterAI
LogPluginManager: Mounting plugin GeometryCache
LogPluginManager: Mounting plugin HTML5Networking
LogPluginManager: Mounting plugin ProxyLODPlugin
LogPluginManager: Mounting plugin MagicLeap
LogPluginManager: Mounting plugin MagicLeapEmulator
LogPluginManager: Mounting plugin MagicLeapMedia
LogPluginManager: Mounting plugin AndroidMedia
LogPluginManager: Mounting plugin AvfMedia
LogPluginManager: Mounting plugin ImgMedia
LogPluginManager: Mounting plugin LinearTimecode
LogPluginManager: Mounting plugin MediaCompositing
LogPluginManager: Mounting plugin MediaPlayerEditor
LogPluginManager: Mounting plugin WmfMedia
LogPluginManager: Mounting plugin TcpMessaging
LogPluginManager: Mounting plugin UdpMessaging
LogPluginManager: Mounting plugin ActorSequence
LogPluginManager: Mounting plugin LevelSequenceEditor
LogPluginManager: Mounting plugin MatineeToLevelSequence
LogPluginManager: Mounting plugin NetcodeUnitTest
LogPluginManager: Mounting plugin NUTUnrealEngine4
LogPluginManager: Mounting plugin OnlineSubsystemGooglePlay
LogPluginManager: Mounting plugin OnlineSubsystemIOS
LogPluginManager: Mounting plugin OnlineSubsystem
LogPluginManager: Mounting plugin OnlineSubsystemNull
LogPluginManager: Mounting plugin OnlineSubsystemUtils
LogPluginManager: Mounting plugin LauncherChunkInstaller
LogPluginManager: Mounting plugin AndroidDeviceProfileSelector
LogPluginManager: Mounting plugin AndroidMoviePlayer
LogPluginManager: Mounting plugin AndroidPermission
LogPluginManager: Mounting plugin AppleMoviePlayer
LogPluginManager: Mounting plugin ArchVisCharacter
LogPluginManager: Mounting plugin AudioCapture
LogPluginManager: Mounting plugin CableComponent
LogPluginManager: Mounting plugin CustomMeshComponent
LogPluginManager: Mounting plugin EditableMesh
LogPluginManager: Mounting plugin ExampleDeviceProfileSelector
LogPluginManager: Mounting plugin GoogleCloudMessaging
LogPluginManager: Mounting plugin HoudiniEngine
LogPluginManager: Mounting plugin ImmediatePhysics
LogPluginManager: Mounting plugin IOSDeviceProfileSelector
LogPluginManager: Mounting plugin LinuxDeviceProfileSelector
LogPluginManager: Mounting plugin LocationServicesBPLibrary
LogPluginManager: Mounting plugin MobilePatchingUtils
LogPluginManager: Mounting plugin OculusVR
LogPluginManager: Plugin shader directory ../../../Engine/Plugins/Runtime/Oculus/OculusVR/Shaders found
LogPluginManager: Mapping shader source directory ../../../Engine/Plugins/Runtime/Oculus/OculusVR/Shaders to virtual directory /Plugin/OculusVR
LogPluginManager: Mounting plugin PhysXVehicles
LogPluginManager: Mounting plugin ProceduralMeshComponent
LogPluginManager: Mounting plugin RuntimePhysXCooking
LogPluginManager: Mounting plugin SteamVR
LogPluginManager: Mounting plugin WindowsMoviePlayer
LogStreaming: Display: Took  0.157s to configure plugins.
LogInit: Using libcurl 7.55.1-DEV
LogInit:  - built for x86_64-pc-win32
LogInit:  - supports SSL with OpenSSL/1.0.2h
LogInit:  - supports HTTP deflate (compression) using libz 1.2.8
LogInit:  - other features:
LogInit:      CURL_VERSION_SSL
LogInit:      CURL_VERSION_LIBZ
LogInit:      CURL_VERSION_IPV6
LogInit:      CURL_VERSION_ASYNCHDNS
LogInit:      CURL_VERSION_LARGEFILE
LogInit:      CURL_VERSION_IDN
LogInit:  CurlRequestOptions (configurable via config and command line):
LogInit:  - bVerifyPeer = false  - Libcurl will NOT verify peer certificate
LogInit:  - bUseHttpProxy = false  - Libcurl will NOT use HTTP proxy
LogInit:  - bDontReuseConnections = false  - Libcurl will reuse connections
LogInit:  - CertBundlePath = nullptr  - Libcurl will use whatever was configured at build time.
LogInit:  - MaxHostConnections = 16  - Libcurl will limit the number of connections to a host
LogInit:  - LocalHostAddr = Default
LogInit:  - BufferSize = 65536
LogInit: WinSock: version 1.1 (2.2), MaxSocks=32767, MaxUdp=65467
LogInit: Build: ++UE4+Release-4.20-CL-4233996
LogInit: Engine Version: 4.20.1-4233996+++UE4+Release-4.20
LogInit: Compatible Engine Version: 4.20.0-4212847+++UE4+Release-4.20
LogInit: Net CL: 4212847
LogInit: OS: Windows 10 (), CPU: Intel(R) Core(TM) i7-8650U CPU @ 1.90GHz, GPU: Intel(R) UHD Graphics 620
LogInit: Compiled (64-bit): Jul 26 2018 10:07:30
LogInit: Compiled with Visual C++: 19.13.26129.00
LogInit: Build Configuration: Development
LogInit: Branch Name: ++UE4+Release-4.20
LogInit: Command Line: -EpicPortal  -epicusername="Woeset" -epicuserid=c72e7818748446c98f77da71d5055798 -epiclocale=en-US
LogInit: Base Directory: C:/Program Files/Epic Games/UE_4.20/Engine/Binaries/Win64/
LogInit: Installed Engine Build: 1
LogDevObjectVersion: Number of dev versions registered: 20
LogDevObjectVersion:   Dev-Blueprints (B0D832E4-1F89-4F0D-ACCF-7EB736FD4AA2): 10
LogDevObjectVersion:   Dev-Build (E1C64328-A22C-4D53-A36C-8E866417BD8C): 0
LogDevObjectVersion:   Dev-Core (375EC13C-06E4-48FB-B500-84F0262A717E): 2
LogDevObjectVersion:   Dev-Editor (E4B068ED-F494-42E9-A231-DA0B2E46BB41): 24
LogDevObjectVersion:   Dev-Framework (CFFC743F-43B0-4480-9391-14DF171D2073): 34
LogDevObjectVersion:   Dev-Mobile (B02B49B5-BB20-44E9-A304-32B752E40360): 2
LogDevObjectVersion:   Dev-Networking (A4E4105C-59A1-49B5-A7C5-40C4547EDFEE): 0
LogDevObjectVersion:   Dev-Online (39C831C9-5AE6-47DC-9A44-9C173E1C8E7C): 0
LogDevObjectVersion:   Dev-Physics (78F01B33-EBEA-4F98-B9B4-84EACCB95AA2): 0
LogDevObjectVersion:   Dev-Platform (6631380F-2D4D-43E0-8009-CF276956A95A): 0
LogDevObjectVersion:   Dev-Rendering (12F88B9F-8875-4AFC-A67C-D90C383ABD29): 26
LogDevObjectVersion:   Dev-Sequencer (7B5AE74C-D270-4C10-A958-57980B212A5A): 9
LogDevObjectVersion:   Dev-VR (D7296918-1DD6-4BDD-9DE2-64A83CC13884): 2
LogDevObjectVersion:   Dev-LoadTimes (C2A15278-BFE7-4AFE-6C17-90FF531DF755): 1
LogDevObjectVersion:   Private-Geometry (6EACA3D4-40EC-4CC1-B786-8BED09428FC5): 3
LogDevObjectVersion:   Dev-AnimPhys (29E575DD-E0A3-4627-9D10-D276232CDCEA): 17
LogDevObjectVersion:   Dev-ReflectionCapture (6B266CEC-1EC7-4B8F-A30B-E4D90942FC07): 1
LogDevObjectVersion:   Dev-Automation (0DF73D61-A23F-47EA-B727-89E90C41499A): 1
LogDevObjectVersion:   FortniteMain (601D1886-AC64-4F84-AA16-D3DE0DEAC7D6): 12
LogDevObjectVersion:   Dev-Enterprise (9DFFBCD6-494F-0158-E221-12823C92A888): 1
LogStreaming: Display: Took  0.000s to delete old logs.
LogInit: Presizing for max 8388607 objects, including 0 objects not considered by GC, pre-allocating 0 bytes for permanent pool.
LogInit: Object subsystem initialized
[2019.01.09-15.51.20:237][  0]LogInit: Selected Device Profile: [Windows]
[2019.01.09-15.51.20:237][  0]LogInit: Applying CVar settings loaded from the selected device profile: [Windows]
[2019.01.09-15.51.20:257][  0]LogHAL: Display: Platform has ~ 16 GB [17101164544 / 17179869184 / 16], which maps to Larger [LargestMinGB=32, LargerMinGB=12, DefaultMinGB=8, SmallerMinGB=6, SmallestMinGB=0)
[2019.01.09-15.51.20:257][  0]LogInit: Setting Device Profile CVar: [[r.Vulkan.UseRealUBs:1]]
[2019.01.09-15.51.20:257][  0]LogInit: Going up to parent DeviceProfile []
[2019.01.09-15.51.20:258][  0]LogInit: Computer: DESKTOP-B8CF7E6
[2019.01.09-15.51.20:258][  0]LogInit: User: longf
[2019.01.09-15.51.20:258][  0]LogInit: CPU Page size=4096, Cores=4
[2019.01.09-15.51.20:258][  0]LogInit: High frequency timer resolution =2.062500 MHz
[2019.01.09-15.51.20:258][  0]LogMemory: Memory total: Physical=15.9GB (16GB approx)
[2019.01.09-15.51.20:258][  0]LogMemory: Platform Memory Stats for Windows
[2019.01.09-15.51.20:258][  0]LogMemory: Process Physical Memory: 100.29 MB used, 100.29 MB peak
[2019.01.09-15.51.20:258][  0]LogMemory: Process Virtual Memory: 89.34 MB used, 89.34 MB peak
[2019.01.09-15.51.20:258][  0]LogMemory: Physical Memory: 8028.45 MB used,  8280.49 MB free, 16308.94 MB total
[2019.01.09-15.51.20:258][  0]LogMemory: Virtual Memory: 4643.80 MB used,  8280.49 MB free, 134217728.00 MB total
[2019.01.09-15.51.20:283][  0]LogInit: Using OS detected language (en-US).
[2019.01.09-15.51.20:283][  0]LogInit: Using OS detected locale (en-US).
[2019.01.09-15.51.20:285][  0]LogTextLocalizationManager: No specific localization for 'en-US' exists, so the 'en' localization will be used.
[2019.01.09-15.51.20:889][  0]LogStreaming: Display: Took  0.605s to InitEngineTextLocalization.
[2019.01.09-15.51.20:889][  0]LogInit: Setting process to per monitor DPI aware
[2019.01.09-15.51.20:978][  0]LogSlate: New Slate User Created.  User Index 0, Is Virtual User: 0
[2019.01.09-15.51.20:978][  0]LogSlate: Slate User Registered.  User Index 0, Is Virtual User: 0
[2019.01.09-15.51.21:288][  0]LogHMD: Failed to initialize OpenVR with code 110
[2019.01.09-15.51.21:288][  0]LogD3D11RHI: D3D11 adapters:
[2019.01.09-15.51.21:380][  0]LogD3D11RHI:    0. 'NVIDIA GeForce GTX 1060' (Feature Level 11_0)
[2019.01.09-15.51.21:380][  0]LogD3D11RHI:       6054/0/8154 MB DedicatedVideo/DedicatedSystem/SharedSystem, Outputs:1, VendorId:0x10de
[2019.01.09-15.51.21:402][  0]LogD3D11RHI:    1. 'Intel(R) UHD Graphics 620' (Feature Level 11_0)
[2019.01.09-15.51.21:402][  0]LogD3D11RHI:       128/0/8154 MB DedicatedVideo/DedicatedSystem/SharedSystem, Outputs:0, VendorId:0x8086
[2019.01.09-15.51.21:405][  0]LogD3D11RHI:    2. 'Microsoft Basic Render Driver' (Feature Level 11_0)
[2019.01.09-15.51.21:405][  0]LogD3D11RHI:       0/0/8154 MB DedicatedVideo/DedicatedSystem/SharedSystem, Outputs:0, VendorId:0x1414
[2019.01.09-15.51.21:405][  0]LogD3D11RHI: Chosen D3D11 Adapter: 0
[2019.01.09-15.51.21:448][  0]LogD3D11RHI: Creating new Direct3DDevice
[2019.01.09-15.51.21:448][  0]LogD3D11RHI:     GPU DeviceId: 0x1c20 (for the marketing name, search the web for "GPU Device Id")
[2019.01.09-15.51.21:448][  0]LogWindows: EnumDisplayDevices:
[2019.01.09-15.51.21:448][  0]LogWindows:    0. 'Intel(R) UHD Graphics 620' (P:1 D:1)
[2019.01.09-15.51.21:448][  0]LogWindows:    1. 'Intel(R) UHD Graphics 620' (P:0 D:0)
[2019.01.09-15.51.21:449][  0]LogWindows:    2. 'Intel(R) UHD Graphics 620' (P:0 D:0)
[2019.01.09-15.51.21:449][  0]LogWindows: DebugString: PrimaryIsNotTheChoosenAdapter PrimaryIsNotTheChoosenAdapter PrimaryIsNotTheChoosenAdapter FoundDriverCount:0 
[2019.01.09-15.51.21:449][  0]LogD3D11RHI:     Adapter Name: NVIDIA GeForce GTX 1060
[2019.01.09-15.51.21:449][  0]LogD3D11RHI:   Driver Version: Unknown (internal:Unknown, unified:Unknown)
[2019.01.09-15.51.21:449][  0]LogD3D11RHI:      Driver Date: Unknown
[2019.01.09-15.51.21:449][  0]LogRHI: Texture pool is 4237 MB (70% of 6054 MB)
[2019.01.09-15.51.21:497][  0]LogD3D11RHI: Async texture creation enabled
[2019.01.09-15.51.21:515][  0]LogD3D11RHI: GPU Timing Frequency: 1000.000000 (Debug: 2 2)
[2019.01.09-15.51.21:516][  0]LogShaderCompilers: Guid format shader working directory is -34 characters bigger than the processId version (../../../../../../Users/longf/Documents/GitHub/SB_AssetPipeline/SB_AssetPipeline/Intermediate/Shaders/WorkingDirectory/8748/).
[2019.01.09-15.51.21:516][  0]LogShaderCompilers: Cleaned the shader compiler working directory 'C:/Users/longf/AppData/Local/Temp/UnrealShaderWorkingDir/D5C333214AA27AF36B0D85AB4783855F/'.
[2019.01.09-15.51.21:916][  0]LogTemp: Display: Loaded TP AllDesktopTargetPlatform
[2019.01.09-15.51.21:936][  0]LogTemp: Display: Loaded TP MacClientTargetPlatform
[2019.01.09-15.51.21:957][  0]LogTemp: Display: Loaded TP MacNoEditorTargetPlatform
[2019.01.09-15.51.21:975][  0]LogTemp: Display: Loaded TP MacServerTargetPlatform
[2019.01.09-15.51.21:998][  0]LogTemp: Display: Loaded TP MacTargetPlatform
[2019.01.09-15.51.22:017][  0]LogTemp: Display: Loaded TP WindowsClientTargetPlatform
[2019.01.09-15.51.22:033][  0]LogTemp: Display: Loaded TP WindowsNoEditorTargetPlatform
[2019.01.09-15.51.22:053][  0]LogTemp: Display: Loaded TP WindowsServerTargetPlatform
[2019.01.09-15.51.22:062][  0]LogTemp: Display: Loaded TP WindowsTargetPlatform
[2019.01.09-15.51.22:180][  0]LogTemp: Display: Loaded TP AndroidTargetPlatform
[2019.01.09-15.51.22:180][  0]LogTemp: Display: Loaded TP AndroidTargetPlatform
[2019.01.09-15.51.22:180][  0]LogTemp: Display: Loaded TP AndroidTargetPlatform
[2019.01.09-15.51.22:180][  0]LogTemp: Display: Loaded TP AndroidTargetPlatform
[2019.01.09-15.51.22:180][  0]LogTemp: Display: Loaded TP AndroidTargetPlatform
[2019.01.09-15.51.22:180][  0]LogTemp: Display: Loaded TP AndroidTargetPlatform
[2019.01.09-15.51.22:181][  0]LogTemp: Display: Loaded TP AndroidTargetPlatform
[2019.01.09-15.51.22:181][  0]LogTemp: Display: Loaded TP AndroidTargetPlatform
[2019.01.09-15.51.22:181][  0]LogTemp: Display: Loaded TP AndroidTargetPlatform
[2019.01.09-15.51.22:181][  0]LogTemp: Display: Loaded TP AndroidTargetPlatform
[2019.01.09-15.51.22:181][  0]LogTemp: Display: Loaded TP AndroidTargetPlatform
[2019.01.09-15.51.22:181][  0]LogTemp: Display: Loaded TP AndroidTargetPlatform
[2019.01.09-15.51.22:181][  0]LogTemp: Display: Loaded TP AndroidTargetPlatform
[2019.01.09-15.51.22:181][  0]LogTemp: Display: Loaded TP AndroidTargetPlatform
[2019.01.09-15.51.22:181][  0]LogTemp: Display: Loaded TP AndroidTargetPlatform
[2019.01.09-15.51.22:181][  0]LogTemp: Display: Loaded TP AndroidTargetPlatform
[2019.01.09-15.51.22:181][  0]LogTemp: Display: Loaded TP AndroidTargetPlatform
[2019.01.09-15.51.22:181][  0]LogTemp: Display: Loaded TP AndroidTargetPlatform
[2019.01.09-15.51.22:182][  0]LogTemp: Display: Loaded TP HTML5TargetPlatform
[2019.01.09-15.51.22:251][  0]LogTemp: Display: Loaded TP IOSTargetPlatform
[2019.01.09-15.51.22:251][  0]LogTemp: Display: Loaded TP IOSTargetPlatform
[2019.01.09-15.51.22:284][  0]LogTemp: Display: Loaded TP TVOSTargetPlatform
[2019.01.09-15.51.22:284][  0]LogTemp: Display: Loaded TP TVOSTargetPlatform
[2019.01.09-15.51.22:299][  0]LogTemp: Display: Loaded TP LinuxClientTargetPlatform
[2019.01.09-15.51.22:316][  0]LogTemp: Display: Loaded TP LinuxNoEditorTargetPlatform
[2019.01.09-15.51.22:331][  0]LogTemp: Display: Loaded TP LinuxServerTargetPlatform
[2019.01.09-15.51.22:347][  0]LogTemp: Display: Loaded TP LinuxTargetPlatform
[2019.01.09-15.51.22:359][  0]LogTemp: Display: Loaded TP LuminTargetPlatform
[2019.01.09-15.51.22:360][  0]LogTargetPlatformManager: Display: Building Assets For Windows
[2019.01.09-15.51.22:454][  0]LogXGEController: Cannot use XGE Controller as Incredibuild is not installed on this machine.
[2019.01.09-15.51.22:454][  0]LogShaderCompilers: Cannot use XGE Shader Compiler as Incredibuild is not installed on this machine.
[2019.01.09-15.51.22:454][  0]LogShaderCompilers: Display: Using Local Shader Compiler.
[2019.01.09-15.51.23:388][  0]LogDerivedDataCache: Display: Max Cache Size: 512 MB
[2019.01.09-15.51.23:469][  0]LogDerivedDataCache: Loaded boot cache 0.08s 71MB C:/Users/longf/AppData/Local/UnrealEngine/4.20/DerivedDataCache/Boot.ddc.
[2019.01.09-15.51.23:470][  0]LogDerivedDataCache: Display: Loaded Boot cache: C:/Users/longf/AppData/Local/UnrealEngine/4.20/DerivedDataCache/Boot.ddc
[2019.01.09-15.51.23:470][  0]LogDerivedDataCache: FDerivedDataBackendGraph:  Pak pak cache file ../../../../../../Users/longf/Documents/GitHub/SB_AssetPipeline/SB_AssetPipeline/DerivedDataCache/DDC.ddp not found, will not use a pak cache.
[2019.01.09-15.51.23:470][  0]LogDerivedDataCache: Unable to find inner node Pak for hierarchical cache Hierarchy.
[2019.01.09-15.51.23:470][  0]LogDerivedDataCache: FDerivedDataBackendGraph:  CompressedPak pak cache file ../../../../../../Users/longf/Documents/GitHub/SB_AssetPipeline/SB_AssetPipeline/DerivedDataCache/Compressed.ddp not found, will not use a pak cache.
[2019.01.09-15.51.23:470][  0]LogDerivedDataCache: Unable to find inner node CompressedPak for hierarchical cache Hierarchy.
[2019.01.09-15.51.23:488][  0]LogDerivedDataCache: Display: Pak cache opened for reading ../../../Engine/DerivedDataCache/Compressed.ddp.
[2019.01.09-15.51.23:500][  0]LogDerivedDataCache: Using Local data cache path C:/Users/longf/AppData/Local/UnrealEngine/Common/DerivedDataCache: Writable
[2019.01.09-15.51.23:500][  0]LogDerivedDataCache: Shared data cache path not found in *engine.ini, will not use an Shared cache.
[2019.01.09-15.51.23:500][  0]LogDerivedDataCache: Unable to find inner node Shared for hierarchical cache Hierarchy.
[2019.01.09-15.51.23:528][  0]LogMaterial: Verifying Global Shaders for PCD3D_SM5
[2019.01.09-15.51.23:530][  0]LogSlate: Using FreeType 2.6.0
[2019.01.09-15.51.23:530][  0]LogSlate: SlateFontServices - WITH_FREETYPE: 1, WITH_HARFBUZZ: 1
[2019.01.09-15.51.23:618][  0]LogAssetRegistry: FAssetRegistry took 0.0273 seconds to start up
[2019.01.09-15.51.24:095][  0]LogInit: Selected Device Profile: [Windows]
[2019.01.09-15.51.24:302][  0]LogSimplygon: Simplygon DLL not present - disabling.
[2019.01.09-15.51.24:309][  0]LogMeshReduction: Using SimplygonSwarm for distributed automatic mesh merging
[2019.01.09-15.51.24:309][  0]LogMeshReduction: Using ProxyLODMeshReduction for automatic mesh merging
[2019.01.09-15.51.24:309][  0]LogMeshReduction: Using QuadricMeshReduction for automatic static mesh reduction
[2019.01.09-15.51.24:309][  0]LogMeshReduction: No automatic skeletal mesh reduction module available
[2019.01.09-15.51.24:341][  0]LogNetVersion: SB_AssetPipeline 1.0.0, NetCL: 4212847, EngineNetVer: 5, GameNetVer: 0 (Checksum: 3398596610)
[2019.01.09-15.51.25:218][  0]LogPackageLocalizationCache: Processed 12 localized package path(s) for 2 prioritized culture(s) in 0.189622 seconds
[2019.01.09-15.51.25:229][  0]LogUObjectArray: 38425 objects as part of root set at end of initial load.
[2019.01.09-15.51.25:229][  0]LogUObjectAllocator: 6690864 out of 0 bytes used by permanent object pool.
[2019.01.09-15.51.25:229][  0]LogUObjectArray: CloseDisregardForGC: 0/0 objects in disregard for GC pool
[2019.01.09-15.51.26:541][  0]LogTcpMessaging: Initializing TcpMessaging bridge
[2019.01.09-15.51.26:577][  0]LogUdpMessaging: Initializing bridge on interface 0.0.0.0:0 to multicast group 230.0.0.1:6666.
[2019.01.09-15.51.26:782][  0]SourceControl: Source control is disabled
[2019.01.09-15.51.26:782][  0]SourceControl: Source control is disabled
[2019.01.09-15.51.26:784][  0]SourceControl: Source control is disabled
[2019.01.09-15.51.26:785][  0]SourceControl: Source control is disabled
[2019.01.09-15.51.26:999][  0]LogAndroidPermission: UAndroidPermissionCallbackProxy::GetInstance
[2019.01.09-15.51.27:116][  0]LogHoudiniEngine: Starting the Houdini Engine module.
[2019.01.09-15.51.27:117][  0]LogHoudiniEngine: Loaded libHAPIL.dll from Registry path C:/Program Files/Side Effects Software/Houdini 17.0.352/bin
[2019.01.09-15.51.27:118][  0]LogLinker: Warning: Asset '../../Plugins/Runtime/HoudiniEngine/Content/houdini_logo.uasset' has been saved with empty engine version. The asset will be loaded but may be incompatible.
[2019.01.09-15.51.27:123][  0]LogLinker: Warning: Asset '../../Plugins/Runtime/HoudiniEngine/Content/houdini_default_material.uasset' has been saved with empty engine version. The asset will be loaded but may be incompatible.
[2019.01.09-15.51.27:130][  0]LogLinker: Warning: Asset '../../Plugins/Runtime/HoudiniEngine/Content/houdini_bgeo_import.uasset' has been saved with empty engine version. The asset will be loaded but may be incompatible.
[2019.01.09-15.51.28:753][  0]LogHoudiniEngine: Successfully intialized the Houdini Engine API module.
[2019.01.09-15.51.28:774][  0]LogOcInput: OculusInput pre-init called
[2019.01.09-15.51.28:865][  0]LogEngine: Initializing Engine...
[2019.01.09-15.51.28:866][  0]LogHMD: Failed to initialize OpenVR with code 110
[2019.01.09-15.51.28:868][  0]LogStats: UGameplayTagsManager::ConstructGameplayTagTree: ImportINI prefixes -  0.000 s
[2019.01.09-15.51.28:868][  0]LogStats: UGameplayTagsManager::ConstructGameplayTagTree: Construct from data asset -  0.000 s
[2019.01.09-15.51.28:868][  0]LogStats: UGameplayTagsManager::ConstructGameplayTagTree: ImportINI -  0.000 s
[2019.01.09-15.51.28:868][  0]LogStats: UGameplayTagsManager::ConstructGameplayTagTree: GameplayTagTreeChangedEvent.Broadcast -  0.000 s
[2019.01.09-15.51.29:236][  0]LogInit: Initializing FReadOnlyCVARCache
[2019.01.09-15.51.29:269][  0]LogAIModule: Creating AISystem for world Untitled
[2019.01.09-15.51.29:295][  0]LogInit: XAudio2 using 'SAMSUNG (Intel(R) Display Audio)' : 2 channels at 48 kHz using 16 bits per sample (channel mask 0x3)
[2019.01.09-15.51.29:330][  0]LogInit: FAudioDevice initialized.
[2019.01.09-15.51.29:330][  0]LogNetVersion: Set ProjectVersion to 1.0.0.0. Version Checksum will be recalculated on next use.
[2019.01.09-15.51.29:415][  0]LogDerivedDataCache: Saved boot cache 0.09s 71MB C:/Users/longf/AppData/Local/UnrealEngine/4.20/DerivedDataCache/Boot.ddc.
[2019.01.09-15.51.29:437][  0]LogInit: Texture streaming: Enabled
[2019.01.09-15.51.29:470][  0]LogEngineSessionManager: EngineSessionManager initialized
[2019.01.09-15.51.29:504][  0]LogInit: Transaction tracking system initialized
[2019.01.09-15.51.29:557][  0]BlueprintLog: New page: Editor Load
[2019.01.09-15.51.29:798][  0]LocalizationService: Localization service is disabled
[2019.01.09-15.51.30:248][  0]LogFileCache: Scanning file cache for directory 'C:/Users/longf/Documents/GitHub/SB_AssetPipeline/SB_AssetPipeline/Content/' took 0.01s
[2019.01.09-15.51.30:248][  0]LogCook: Display: Max memory allowance for cook 16384mb min free memory 0mb
[2019.01.09-15.51.30:248][  0]LogCook: Display: Mobile HDR setting 1
[2019.01.09-15.51.30:248][  0]LogGameplayTags: Display: UGameplayTagsManager::DoneAddingNativeTags. DelegateIsBound: 0
[2019.01.09-15.51.30:248][  0]LogStats: UGameplayTagsManager::ConstructGameplayTagTree: ImportINI prefixes -  0.000 s
[2019.01.09-15.51.30:248][  0]LogStats: UGameplayTagsManager::ConstructGameplayTagTree: Construct from data asset -  0.000 s
[2019.01.09-15.51.30:248][  0]LogStats: UGameplayTagsManager::ConstructGameplayTagTree: ImportINI -  0.000 s
[2019.01.09-15.51.30:248][  0]LogStats: UGameplayTagsManager::ConstructGameplayTagTree: GameplayTagTreeChangedEvent.Broadcast -  0.000 s
[2019.01.09-15.51.30:399][  0]LogHoudiniEngineEditor: Starting the Houdini Engine Editor module.
[2019.01.09-15.51.30:403][  0]LogLinker: Warning: Can't find file '/Game/HoudiniEngine/Tools/Default/he_boolean'
[2019.01.09-15.51.30:403][  0]LogLinker: Warning: Can't find file '/Game/HoudiniEngine/Tools/Default/he_boolean'
[2019.01.09-15.51.30:403][  0]LogUObjectGlobals: Warning: Failed to find object 'Object /Game/HoudiniEngine/Tools/Default/he_boolean.he_boolean'
[2019.01.09-15.51.30:422][  0]LogFactory: FactoryCreateFile: HoudiniAsset with HoudiniAssetFactory (0 0 C:/Program Files/Side Effects Software/Houdini 17.0.352/engine/tools/he_boolean.hda)
[2019.01.09-15.51.30:449][  0]LogSavePackage: Moving '../../../../../../Users/longf/Documents/GitHub/SB_AssetPipeline/SB_AssetPipeline/Saved/he_boolean5B2542494441F7AF7B25A8AC88AA172A.tmp' to '../../../../../../Users/longf/Documents/GitHub/SB_AssetPipeline/SB_AssetPipeline/Content/HoudiniEngine/Tools/Default/he_boolean.uasset'
[2019.01.09-15.51.30:460][  0]LogLinker: Warning: Can't find file '/Game/HoudiniEngine/Tools/Default/he_calculate_occlusion'
[2019.01.09-15.51.30:461][  0]LogLinker: Warning: Can't find file '/Game/HoudiniEngine/Tools/Default/he_calculate_occlusion'
[2019.01.09-15.51.30:461][  0]LogUObjectGlobals: Warning: Failed to find object 'Object /Game/HoudiniEngine/Tools/Default/he_calculate_occlusion.he_calculate_occlusion'
[2019.01.09-15.51.30:473][  0]LogFactory: FactoryCreateFile: HoudiniAsset with HoudiniAssetFactory (0 0 C:/Program Files/Side Effects Software/Houdini 17.0.352/engine/tools/he_calculate_occlusion.hda)
[2019.01.09-15.51.30:486][  0]LogSavePackage: Moving '../../../../../../Users/longf/Documents/GitHub/SB_AssetPipeline/SB_AssetPipeline/Saved/he_calculate_occlusion15845BFA4218D93013E649A9B0822AC7.tmp' to '../../../../../../Users/longf/Documents/GitHub/SB_AssetPipeline/SB_AssetPipeline/Content/HoudiniEngine/Tools/Default/he_calculate_occlusion.uasset'
[2019.01.09-15.51.30:492][  0]LogLinker: Warning: Can't find file '/Game/HoudiniEngine/Tools/Default/he_curve_instancer'
[2019.01.09-15.51.30:493][  0]LogLinker: Warning: Can't find file '/Game/HoudiniEngine/Tools/Default/he_curve_instancer'
[2019.01.09-15.51.30:493][  0]LogUObjectGlobals: Warning: Failed to find object 'Object /Game/HoudiniEngine/Tools/Default/he_curve_instancer.he_curve_instancer'
[2019.01.09-15.51.30:505][  0]LogFactory: FactoryCreateFile: HoudiniAsset with HoudiniAssetFactory (0 0 C:/Program Files/Side Effects Software/Houdini 17.0.352/engine/tools/he_curve_instancer.hda)
[2019.01.09-15.51.30:519][  0]LogSavePackage: Moving '../../../../../../Users/longf/Documents/GitHub/SB_AssetPipeline/SB_AssetPipeline/Saved/he_curve_instancerCADE5507451BD5C2ACDB35AA3C2C1C1E.tmp' to '../../../../../../Users/longf/Documents/GitHub/SB_AssetPipeline/SB_AssetPipeline/Content/HoudiniEngine/Tools/Default/he_curve_instancer.uasset'
[2019.01.09-15.51.30:525][  0]LogLinker: Warning: Can't find file '/Game/HoudiniEngine/Tools/Default/he_delete_small_parts'
[2019.01.09-15.51.30:526][  0]LogLinker: Warning: Can't find file '/Game/HoudiniEngine/Tools/Default/he_delete_small_parts'
[2019.01.09-15.51.30:526][  0]LogUObjectGlobals: Warning: Failed to find object 'Object /Game/HoudiniEngine/Tools/Default/he_delete_small_parts.he_delete_small_parts'
[2019.01.09-15.51.30:538][  0]LogFactory: FactoryCreateFile: HoudiniAsset with HoudiniAssetFactory (0 0 C:/Program Files/Side Effects Software/Houdini 17.0.352/engine/tools/he_delete_small_parts.hda)
[2019.01.09-15.51.30:554][  0]LogSavePackage: Moving '../../../../../../Users/longf/Documents/GitHub/SB_AssetPipeline/SB_AssetPipeline/Saved/he_delete_small_parts2FA2A4ED49B25D2C469E85875E1CD074.tmp' to '../../../../../../Users/longf/Documents/GitHub/SB_AssetPipeline/SB_AssetPipeline/Content/HoudiniEngine/Tools/Default/he_delete_small_parts.uasset'
[2019.01.09-15.51.30:561][  0]LogLinker: Warning: Can't find file '/Game/HoudiniEngine/Tools/Default/he_polyreduce'
[2019.01.09-15.51.30:562][  0]LogLinker: Warning: Can't find file '/Game/HoudiniEngine/Tools/Default/he_polyreduce'
[2019.01.09-15.51.30:562][  0]LogUObjectGlobals: Warning: Failed to find object 'Object /Game/HoudiniEngine/Tools/Default/he_polyreduce.he_polyreduce'
[2019.01.09-15.51.30:573][  0]LogFactory: FactoryCreateFile: HoudiniAsset with HoudiniAssetFactory (0 0 C:/Program Files/Side Effects Software/Houdini 17.0.352/engine/tools/he_polyreduce.hda)
[2019.01.09-15.51.30:586][  0]LogSavePackage: Moving '../../../../../../Users/longf/Documents/GitHub/SB_AssetPipeline/SB_AssetPipeline/Saved/he_polyreduceA82A7BF341724266A843DFAF896FE921.tmp' to '../../../../../../Users/longf/Documents/GitHub/SB_AssetPipeline/SB_AssetPipeline/Content/HoudiniEngine/Tools/Default/he_polyreduce.uasset'
[2019.01.09-15.51.30:593][  0]LogLinker: Warning: Can't find file '/Game/HoudiniEngine/Tools/Default/he_set_pivot'
[2019.01.09-15.51.30:594][  0]LogLinker: Warning: Can't find file '/Game/HoudiniEngine/Tools/Default/he_set_pivot'
[2019.01.09-15.51.30:594][  0]LogUObjectGlobals: Warning: Failed to find object 'Object /Game/HoudiniEngine/Tools/Default/he_set_pivot.he_set_pivot'
[2019.01.09-15.51.30:604][  0]LogFactory: FactoryCreateFile: HoudiniAsset with HoudiniAssetFactory (0 0 C:/Program Files/Side Effects Software/Houdini 17.0.352/engine/tools/he_set_pivot.hda)
[2019.01.09-15.51.30:616][  0]LogSavePackage: Moving '../../../../../../Users/longf/Documents/GitHub/SB_AssetPipeline/SB_AssetPipeline/Saved/he_set_pivotD640536A4426A005C6923DAE815161C4.tmp' to '../../../../../../Users/longf/Documents/GitHub/SB_AssetPipeline/SB_AssetPipeline/Content/HoudiniEngine/Tools/Default/he_set_pivot.uasset'
[2019.01.09-15.51.30:620][  0]LogLinker: Warning: Can't find file '/Game/HoudiniEngine/Tools/Default/he_surface_instancer'
[2019.01.09-15.51.30:620][  0]LogLinker: Warning: Can't find file '/Game/HoudiniEngine/Tools/Default/he_surface_instancer'
[2019.01.09-15.51.30:620][  0]LogUObjectGlobals: Warning: Failed to find object 'Object /Game/HoudiniEngine/Tools/Default/he_surface_instancer.he_surface_instancer'
[2019.01.09-15.51.30:636][  0]LogFactory: FactoryCreateFile: HoudiniAsset with HoudiniAssetFactory (0 0 C:/Program Files/Side Effects Software/Houdini 17.0.352/engine/tools/he_surface_instancer.hda)
[2019.01.09-15.51.30:648][  0]LogSavePackage: Moving '../../../../../../Users/longf/Documents/GitHub/SB_AssetPipeline/SB_AssetPipeline/Saved/he_surface_instancer606B1BD644B8A842CF0512ABC872BFDC.tmp' to '../../../../../../Users/longf/Documents/GitHub/SB_AssetPipeline/SB_AssetPipeline/Content/HoudiniEngine/Tools/Default/he_surface_instancer.uasset'
[2019.01.09-15.51.30:651][  0]LogHoudiniEngineEditor: Houdini Engine Editor module startup complete.
[2019.01.09-15.51.30:759][  0]SourceControl: Source control is disabled
[2019.01.09-15.51.30:759][  0]Cmd: MAP LOAD FILE="../../../Engine/Content/Maps/Templates/Template_Default.umap" TEMPLATE=1 SHOWPROGRESS=1 FEATURELEVEL=3
[2019.01.09-15.51.30:760][  0]LightingResults: New page: Lighting Build
[2019.01.09-15.51.30:764][  0]MapCheck: New page: Map Check
[2019.01.09-15.51.30:764][  0]LightingResults: New page: Lighting Build
[2019.01.09-15.51.31:078][  0]LogAIModule: Creating AISystem for world Untitled_1
[2019.01.09-15.51.31:087][  0]LogEditorServer: Finished looking for orphan Actors (0.000 secs)
[2019.01.09-15.51.31:117][  0]Cmd: MAP CHECKDEP NOCLEARLOG
[2019.01.09-15.51.31:236][  0]MapCheck: Map check complete: 0 Error(s), 0 Warning(s), took 119.635ms to complete.
[2019.01.09-15.51.31:236][  0]LogFileHelpers: Loading map 'Template_Default' took 0.477
[2019.01.09-15.51.31:453][  0]LogSlate: Updating window title bar state: overlay mode, drag disabled, window buttons hidden, title bar hidden
[2019.01.09-15.51.31:471][  0]LogSlate: Updating window title bar state: overlay mode, drag disabled, window buttons hidden, title bar hidden
[2019.01.09-15.51.31:484][  0]LogSlate: Updating window title bar state: overlay mode, drag disabled, window buttons hidden, title bar hidden
[2019.01.09-15.51.31:501][  0]LogSlate: Updating window title bar state: overlay mode, drag disabled, window buttons hidden, title bar hidden
[2019.01.09-15.51.31:524][  0]LogCollectionManager: Loaded 0 collections in 0.004063 seconds
[2019.01.09-15.51.31:600][  0]LogFileCache: Scanning file cache for directory 'C:/Users/longf/Documents/GitHub/SB_AssetPipeline/SB_AssetPipeline/Saved/Collections/' took 0.01s
[2019.01.09-15.51.31:600][  0]LogFileCache: Scanning file cache for directory 'C:/Users/longf/Documents/GitHub/SB_AssetPipeline/SB_AssetPipeline/Content/Developers/longf/Collections/' took 0.01s
[2019.01.09-15.51.31:600][  0]LogFileCache: Scanning file cache for directory 'C:/Users/longf/Documents/GitHub/SB_AssetPipeline/SB_AssetPipeline/Content/Collections/' took 0.01s
[2019.01.09-15.51.31:600][  0]LogCollectionManager: Rebuilt the GUID cache for 0 collections in 0.000001 seconds
[2019.01.09-15.51.31:617][  0]LogContentBrowser: Native class hierarchy populated in 0.0148 seconds. Added 2610 classes and 610 folders.
[2019.01.09-15.51.31:638][  0]LogContentBrowser: Native class hierarchy updated for 'WidgetCarousel' in 0.0004 seconds. Added 0 classes and 0 folders.
[2019.01.09-15.51.32:324][  0]LogContentBrowser: Native class hierarchy updated for 'AddContentDialog' in 0.0004 seconds. Added 0 classes and 0 folders.
[2019.01.09-15.51.32:345][  0]LogContentBrowser: Native class hierarchy updated for 'SceneOutliner' in 0.0003 seconds. Added 1 classes and 2 folders.
[2019.01.09-15.51.32:556][  0]LogSlate: Took 0.000355 seconds to synchronously load lazily loaded font '../../../Engine/Content/Slate/Fonts/Roboto-Regular.ttf' (155K)
[2019.01.09-15.51.32:560][  0]LogSlate: Took 0.000347 seconds to synchronously load lazily loaded font '../../../Engine/Content/Slate/Fonts/Roboto-Bold.ttf' (160K)
[2019.01.09-15.51.32:600][  0]LogSlate: Took 0.024032 seconds to synchronously load lazily loaded font '../../../Engine/Content/Editor/Slate/Fonts/FontAwesome.ttf' (139K)
[2019.01.09-15.51.32:852][  0]LogRenderer: Reallocating scene render targets to support 772x656 Format 10 NumSamples 1 (Frame:1).
[2019.01.09-15.51.33:123][  0]LogContentBrowser: Native class hierarchy updated for 'HierarchicalLODOutliner' in 0.0003 seconds. Added 0 classes and 0 folders.
[2019.01.09-15.51.33:123][  0]LogLoad: (Engine Initialization) Total time: 15.26 seconds
[2019.01.09-15.51.33:123][  0]LogLoad: (Engine Initialization) Total Blueprint compile time: 0.00 seconds
[2019.01.09-15.51.33:142][  0]LogWindowsTextInputMethodSystem: Display: IME system now deactivated.
[2019.01.09-15.51.33:177][  0]LogContentStreaming: Texture pool size now 3000 MB
[2019.01.09-15.51.45:138][597]LogSlate: FSceneViewport::OnFocusLost() reason 0
[2019.01.09-15.51.45:362][603]LogActorFactory: Actor Factory created Cylinder
[2019.01.09-15.51.46:045][626]LogActorFactory: Actor Factory created Cylinder
[2019.01.09-15.51.49:320][754]LogSlate: FSceneViewport::OnFocusLost() reason 0
[2019.01.09-15.51.49:517][760]LogActorFactory: Actor Factory created Cone
[2019.01.09-15.51.51:319][831]LogAssetRegistry: Asset discovery search completed in 27.7230 seconds
[2019.01.09-15.51.51:329][831]LogCollectionManager: Rebuilt the object cache for 0 collections in 0.000000 seconds (found 0 objects)
[2019.01.09-15.51.51:329][831]LogCollectionManager: Fixed up redirectors for 0 collections in 0.000165 seconds (updated 0 objects)
[2019.01.09-15.51.51:563][839]LogActorFactory: Actor Factory created Cone
[2019.01.09-15.52.01:127][277]LogEditorViewport: Clicking on Actor (LMB): BP_Sky_Sphere_C (Sky Sphere)
[2019.01.09-15.52.03:798][399]LogSlate: Took 0.000259 seconds to synchronously load lazily loaded font '../../../Engine/Content/Slate/Fonts/Roboto-Light.ttf' (167K)
[2019.01.09-15.52.03:804][399]LogSlate: FSceneViewport::OnFocusLost() reason 2
[2019.01.09-15.52.06:642][399]LogSlate: Window 'Save Level As' being destroyed
[2019.01.09-15.52.15:956][519]LogSlate: Window 'Save Level As' being destroyed
[2019.01.09-15.52.16:068][519]Cmd: OBJ SAVEPACKAGE PACKAGE="/Game/Main" FILE="../../../../../../Users/longf/Documents/GitHub/SB_AssetPipeline/SB_AssetPipeline/Content/Main.umap" SILENT=true AUTOSAVING=false KEEPDIRTY=false
[2019.01.09-15.52.16:146][519]LogSavePackage: Moving '../../../../../../Users/longf/Documents/GitHub/SB_AssetPipeline/SB_AssetPipeline/Saved/Main984C2E264C936A5E552B399C2A16CC49.tmp' to '../../../../../../Users/longf/Documents/GitHub/SB_AssetPipeline/SB_AssetPipeline/Content/Main.umap'
[2019.01.09-15.52.16:188][519]LogFileHelpers: Saving map 'Main' took 0.222
